17:23:56 **** Build of configuration Default for project stm32_f446_x2c ****
make all 
/local/sdk_elec/gcc-arm-none-eabi-5_2-2015q4/bin/arm-none-eabi-gcc -IFreeRTOS/Source/include/ -IFreeRTOS/Source/portable/GCC/ARM_CM4F/ -IInc/ -ISrc/drv/ -IX2C/ -IDrivers/STM32F4xx_HAL_Driver/Inc/ -IDrivers/CMSIS/Device/ST/STM32F4xx/Include/ -IDrivers/CMSIS/Include/ -IDrivers/BSP/STM32F4xx-Nucleo/ -IDrivers/BSP/X-NUCLEO-IHM07M1/ -IDrivers/BSP/Components/Common/ -IDrivers/BSP/Components/l6230/ -IMiddlewares/ST/MC_6Step_Lib/Inc/ -I/local/sdk_elec/gcc-arm-none-eabi-5_2-2015q4/arm-none-eabi/include/ -I/local/X2C//Library/Math/Controller/inc/ -I/local/X2C//Library/ENIB/Controller/inc/ -I/local/X2C//Library/General/Controller/inc/ -I/local/X2C//Controller/Common/ -DSTM32F446xE -ggdb -O4 -D__STM32F446_ENIB__ -D__STM32__  -mlittle-endian -mthumb -mcpu=cortex-m4 -mthumb-interwork -Wl,--gc-sections -mfpu=fpv5-sp-d16 -mfloat-abi=hard -fsingle-precision-constant -Wall -Wextra -Warray-bounds -Wno-unused-parameter -TDevice/gcc.ld   -mfloat-abi=hard -lc -lgcc -lgcov -lm -Wl,-Map=template.elf.map  Src/main.c Device/startup_stm32f446xx.s Src/system_stm32f4xx.c Src/stm32F446_nucleo_ihm07m1_enib.c Src/stm32f4xx_hal_msp.c Src/stm32f4xx_it.c Src/SystemClock.c Src/quadEncoder.c Src/pwmTimer.c Src/tickTimer.c Src/pulseGenerator.c Src/sendtoXcos.c Src/drv/drv_uart.c Src/drv/drv_adc.c Src/drv/drv_can.c Src/motorControl.c Drivers/BSP/STM32F4xx-Nucleo/stm32f4xx_nucleo.c Drivers/STM32F4xx_HAL_Driver/Src/stm32f4xx_hal.c Drivers/STM32F4xx_HAL_Driver/Src/stm32f4xx_hal_rcc.c Drivers/STM32F4xx_HAL_Driver/Src/stm32f4xx_hal_rcc_ex.c Drivers/STM32F4xx_HAL_Driver/Src/stm32f4xx_hal_gpio.c Drivers/STM32F4xx_HAL_Driver/Src/stm32f4xx_hal_dac.c Drivers/STM32F4xx_HAL_Driver/Src/stm32f4xx_hal_dac_ex.c Drivers/STM32F4xx_HAL_Driver/Src/stm32f4xx_hal_cortex.c Drivers/STM32F4xx_HAL_Driver/Src/stm32f4xx_hal_pcd.c Drivers/STM32F4xx_HAL_Driver/Src/stm32f4xx_hal_pcd_ex.c Drivers/STM32F4xx_HAL_Driver/Src/stm32f4xx_hal_uart.c Drivers/STM32F4xx_HAL_Driver/Src/stm32f4xx_hal_usart.c Drivers/STM32F4xx_HAL_Driver/Src/stm32f4xx_hal_dma.c Drivers/STM32F4xx_HAL_Driver/Src/stm32f4xx_hal_tim.c Drivers/STM32F4xx_HAL_Driver/Src/stm32f4xx_hal_tim_ex.c Drivers/STM32F4xx_HAL_Driver/Src/stm32f4xx_hal_adc.c Drivers/STM32F4xx_HAL_Driver/Src/stm32f4xx_hal_adc_ex.c Drivers/STM32F4xx_HAL_Driver/Src/stm32f4xx_hal_can.c Drivers/STM32F4xx_HAL_Driver/Src/stm32f4xx_hal_pwr.c Drivers/STM32F4xx_HAL_Driver/Src/stm32f4xx_hal_pwr_ex.c Drivers/CMSIS/DSP_Lib/Source/FastMathFunctions/arm_sin_q31.c Drivers/CMSIS/DSP_Lib/Source/FastMathFunctions/arm_cos_q31.c Drivers/CMSIS/DSP_Lib/Source/FastMathFunctions/arm_sin_q15.c Drivers/CMSIS/DSP_Lib/Source/FastMathFunctions/arm_cos_q15.c Drivers/CMSIS/DSP_Lib/Source/FastMathFunctions/arm_sin_f32.c Drivers/CMSIS/DSP_Lib/Source/FastMathFunctions/arm_cos_f32.c Drivers/CMSIS/DSP_Lib/Source/CommonTables/arm_common_tables.c Drivers/CMSIS/DSP_Lib/Source/ControllerFunctions/arm_pid_init_q31.c Drivers/CMSIS/DSP_Lib/Source/BasicMathFunctions/arm_sub_q31.c Drivers/CMSIS/DSP_Lib/Source/BasicMathFunctions/arm_add_q31.c X2C/X2C.c /local/X2C//Library/General/Controller/src/And_FiP16.c /local/X2C//Library/General/Controller/src/AutoSwitch_FiP16.c /local/X2C//Library/General/Controller/src/AutoSwitch_Float32.c /local/X2C//Library/General/Controller/src/Constant_FiP16.c /local/X2C//Library/General/Controller/src/Constant_Float32.c /local/X2C//Library/General/Controller/src/Gain_FiP16.c /local/X2C//Library/General/Controller/src/Gain_FiP32.c /local/X2C//Library/General/Controller/src/Gain_Float32.c /local/X2C//Library/General/Controller/src/Int2Real_FiP16_Float32.c /local/X2C//Library/General/Controller/src/Int2Real_FiP32_Float32.c /local/X2C//Library/General/Controller/src/Int2Real_FiP8_Float32.c /local/X2C//Library/General/Controller/src/Limitation_FiP16.c /local/X2C//Library/General/Controller/src/Limitation_Float32.c /local/X2C//Library/General/Controller/src/ManualSwitch_FiP16.c /local/X2C//Library/General/Controller/src/Maximum_FiP16.c /local/X2C//Library/General/Controller/src/Minimum_FiP16.c /local/X2C//Library/General/Controller/src/MinMaxPeriodic_FiP16.c /local/X2C//Library/General/Controller/src/MinMaxPeriodic_Float32.c /local/X2C//Library/General/Controller/src/Not_FiP16.c /local/X2C//Library/General/Controller/src/Or_FiP16.c /local/X2C//Library/General/Controller/src/RateLimiter_FiP16.c /local/X2C//Library/General/Controller/src/RateLimiter_Float32.c /local/X2C//Library/General/Controller/src/Real2Int_Float32_FiP16.c /local/X2C//Library/General/Controller/src/Saturation_FiP16.c /local/X2C//Library/General/Controller/src/Saturation_Float32.c /local/X2C//Library/General/Controller/src/Selector_FiP16.c /local/X2C//Library/General/Controller/src/Selector_Float32.c /local/X2C//Library/General/Controller/src/TypeConv_FiP16_32.c /local/X2C//Library/General/Controller/src/TypeConv_FiP16_8.c /local/X2C//Library/General/Controller/src/TypeConv_FiP32_16.c /local/X2C//Library/General/Controller/src/TypeConv_FiP32_8.c /local/X2C//Library/General/Controller/src/TypeConv_FiP8_16.c /local/X2C//Library/General/Controller/src/TypeConv_FiP8_32.c /local/X2C//Library/General/Controller/src/uConstant_FiP16.c /local/X2C//Library/General/Controller/src/uConstant_Float32.c /local/X2C//Library/General/Controller/src/uGain_FiP16.c /local/X2C//Library/General/Controller/src/uGain_Float32.c /local/X2C//Library/General/Controller/src/Xor_FiP16.c /local/X2C//Library/Math/Controller/src/Abs_FiP16.c /local/X2C//Library/Math/Controller/src/Abs_Float32.c /local/X2C//Library/Math/Controller/src/Add_FiP16.c /local/X2C//Library/Math/Controller/src/Add_Float32.c /local/X2C//Library/Math/Controller/src/Average_FiP16.c /local/X2C//Library/Math/Controller/src/Average_Float32.c /local/X2C//Library/Math/Controller/src/Div_FiP16.c /local/X2C//Library/Math/Controller/src/Div_Float32.c /local/X2C//Library/Math/Controller/src/Mult_FiP16.c /local/X2C//Library/Math/Controller/src/Mult_Float32.c /local/X2C//Library/Math/Controller/src/Negation_FiP16.c /local/X2C//Library/Math/Controller/src/Sign_FiP16.c /local/X2C//Library/Math/Controller/src/Sub_FiP16.c /local/X2C//Library/Math/Controller/src/Sub_FiP32.c /local/X2C//Library/Math/Controller/src/Sub_Float32.c /local/X2C//Library/Math/Controller/src/Sum_FiP16.c /local/X2C//Library/Math/Controller/src/Sum_Float32.c /local/X2C//Library/Math/Controller/src/uAdd_FiP16.c /local/X2C//Library/Math/Controller/src/uAdd_Float32.c /local/X2C//Library/Math/Controller/src/uSub_FiP16.c /local/X2C//Library/Math/Controller/src/uSub_Float32.c /local/X2C//Library/ENIB/Controller/src/ramp_INT16.c /local/X2C//Library/ENIB/Controller/src/ramp_INT32.c /local/X2C//Library/ENIB/Controller/src/ramp_F32.c /local/X2C//Library/ENIB/Controller/src/clarke_INT16.c /local/X2C//Library/ENIB/Controller/src/clarke_INT32.c /local/X2C//Library/ENIB/Controller/src/clarke_F32.c /local/X2C//Library/ENIB/Controller/src/clarke_inv_INT16.c /local/X2C//Library/ENIB/Controller/src/clarke_inv_INT32.c /local/X2C//Library/ENIB/Controller/src/clarke_inv_F32.c /local/X2C//Library/ENIB/Controller/src/shift_right_INT16.c /local/X2C//Library/ENIB/Controller/src/shift_right_INT32.c /local/X2C//Library/ENIB/Controller/src/shift_left_INT16.c /local/X2C//Library/ENIB/Controller/src/shift_left_INT32.c /local/X2C//Library/ENIB/Controller/src/space_vector_INT16.c /local/X2C//Library/ENIB/Controller/src/space_vector_INT32.c /local/X2C//Library/ENIB/Controller/src/space_vector_F32.c /local/X2C//Library/ENIB/Controller/src/park_transf_INT16.c /local/X2C//Library/ENIB/Controller/src/park_transf_INT32.c /local/X2C//Library/ENIB/Controller/src/park_transf_F32.c /local/X2C//Library/ENIB/Controller/src/park_transf_inv_INT16.c /local/X2C//Library/ENIB/Controller/src/park_transf_inv_INT32.c /local/X2C//Library/ENIB/Controller/src/park_transf_inv_F32.c /local/X2C//Library/ENIB/Controller/src/sin_INT16.c /local/X2C//Library/ENIB/Controller/src/sin_INT32.c /local/X2C//Library/ENIB/Controller/src/sin_F32.c /local/X2C//Library/ENIB/Controller/src/cos_INT16.c /local/X2C//Library/ENIB/Controller/src/cos_INT32.c /local/X2C//Library/ENIB/Controller/src/cos_F32.c /local/X2C//Library/ENIB/Controller/src/pid_INT16.c /local/X2C//Library/ENIB/Controller/src/pid_INT32.c /local/X2C//Library/ENIB/Controller/src/pid_F32.c /local/X2C//Library/ENIB/Controller/src/modulo_INT16.c /local/X2C//Library/ENIB/Controller/src/modulo_INT32.c X2C/X2C_redef.c FreeRTOS/Source/croutine.c FreeRTOS/Source/list.c FreeRTOS/Source/queue.c FreeRTOS/Source/tasks.c FreeRTOS/Source/portable/GCC/ARM_CM4F/port.c FreeRTOS/Source/portable/MemMang/heap_1.c -o template.elf
Src/main.c: In function 'main':
Src/main.c:202:29: warning: passing argument 2 of 'HAL_ADC_Start_DMA' from incompatible pointer type [-Wincompatible-pointer-types]
   HAL_ADC_Start_DMA(&hadc1, g_ADCBuffer, 3);
                             ^
In file included from Inc/stm32f4xx_hal_conf.h:217:0,
                 from Drivers/STM32F4xx_HAL_Driver/Inc/stm32f4xx_hal.h:48,
                 from Inc/main.h:5,
                 from Src/main.c:1:
Drivers/STM32F4xx_HAL_Driver/Inc/stm32f4xx_hal_adc.h:555:19: note: expected 'uint32_t * {aka long unsigned int *}' but argument is of type 'short unsigned int *'
 HAL_StatusTypeDef HAL_ADC_Start_DMA(ADC_HandleTypeDef* hadc, uint32_t* pData, uint32_t Length);
                   ^
Src/sendtoXcos.c: In function 'sendtoXcos':
Src/sendtoXcos.c:178:32: warning: array subscript has type 'char' [-Wchar-subscripts]
      crc=base64comm_crc(crc,ptr[i]);
                                ^
/local/X2C//Library/General/Controller/src/AutoSwitch_Float32.c: In function 'AutoSwitch_Float32_Load':
/local/X2C//Library/General/Controller/src/AutoSwitch_Float32.c:118:6: warning: dereferencing type-punned pointer will break strict-aliasing rules [-Wstrict-aliasing]
      data[0] = (uint8)((*(uint32*)&(pTAutoSwitch_Float32->Thresh_up)) & 0x000000FF);
      ^
/local/X2C//Library/General/Controller/src/AutoSwitch_Float32.c:119:6: warning: dereferencing type-punned pointer will break strict-aliasing rules [-Wstrict-aliasing]
      data[1] = (uint8)((*(uint32*)&(pTAutoSwitch_Float32->Thresh_up) >> 8) & 0x000000FF);
      ^
/local/X2C//Library/General/Controller/src/AutoSwitch_Float32.c:120:6: warning: dereferencing type-punned pointer will break strict-aliasing rules [-Wstrict-aliasing]
      data[2] = (uint8)((*(uint32*)&(pTAutoSwitch_Float32->Thresh_up) >> 16) & 0x000000FF);
      ^
/local/X2C//Library/General/Controller/src/AutoSwitch_Float32.c:121:6: warning: dereferencing type-punned pointer will break strict-aliasing rules [-Wstrict-aliasing]
      data[3] = (uint8)((*(uint32*)&(pTAutoSwitch_Float32->Thresh_up) >> 24) & 0x000000FF);
      ^
/local/X2C//Library/General/Controller/src/AutoSwitch_Float32.c:122:6: warning: dereferencing type-punned pointer will break strict-aliasing rules [-Wstrict-aliasing]
      data[4] = (uint8)((*(uint32*)&(pTAutoSwitch_Float32->Thresh_down)) & 0x000000FF);
      ^
/local/X2C//Library/General/Controller/src/AutoSwitch_Float32.c:123:6: warning: dereferencing type-punned pointer will break strict-aliasing rules [-Wstrict-aliasing]
      data[5] = (uint8)((*(uint32*)&(pTAutoSwitch_Float32->Thresh_down) >> 8) & 0x000000FF);
      ^
/local/X2C//Library/General/Controller/src/AutoSwitch_Float32.c:124:6: warning: dereferencing type-punned pointer will break strict-aliasing rules [-Wstrict-aliasing]
      data[6] = (uint8)((*(uint32*)&(pTAutoSwitch_Float32->Thresh_down) >> 16) & 0x000000FF);
      ^
/local/X2C//Library/General/Controller/src/AutoSwitch_Float32.c:125:6: warning: dereferencing type-punned pointer will break strict-aliasing rules [-Wstrict-aliasing]
      data[7] = (uint8)((*(uint32*)&(pTAutoSwitch_Float32->Thresh_down) >> 24) & 0x000000FF);
      ^
/local/X2C//Library/General/Controller/src/AutoSwitch_Float32.c: In function 'AutoSwitch_Float32_Save':
/local/X2C//Library/General/Controller/src/AutoSwitch_Float32.c:150:11: warning: dereferencing type-punned pointer will break strict-aliasing rules [-Wstrict-aliasing]
           pTAutoSwitch_Float32->Thresh_up = (float32)(*(float32*)&tmp32);
           ^
/local/X2C//Library/General/Controller/src/AutoSwitch_Float32.c:154:11: warning: dereferencing type-punned pointer will break strict-aliasing rules [-Wstrict-aliasing]
           pTAutoSwitch_Float32->Thresh_down = (float32)(*(float32*)&tmp32);
           ^
/local/X2C//Library/General/Controller/src/Constant_Float32.c: In function 'Constant_Float32_Load':
/local/X2C//Library/General/Controller/src/Constant_Float32.c:84:6: warning: dereferencing type-punned pointer will break strict-aliasing rules [-Wstrict-aliasing]
      data[0] = (uint8)((*(uint32*)&(pTConstant_Float32->K)) & 0x000000FF);
      ^
/local/X2C//Library/General/Controller/src/Constant_Float32.c:85:6: warning: dereferencing type-punned pointer will break strict-aliasing rules [-Wstrict-aliasing]
      data[1] = (uint8)((*(uint32*)&(pTConstant_Float32->K) >> 8) & 0x000000FF);
      ^
/local/X2C//Library/General/Controller/src/Constant_Float32.c:86:6: warning: dereferencing type-punned pointer will break strict-aliasing rules [-Wstrict-aliasing]
      data[2] = (uint8)((*(uint32*)&(pTConstant_Float32->K) >> 16) & 0x000000FF);
      ^
/local/X2C//Library/General/Controller/src/Constant_Float32.c:87:6: warning: dereferencing type-punned pointer will break strict-aliasing rules [-Wstrict-aliasing]
      data[3] = (uint8)((*(uint32*)&(pTConstant_Float32->K) >> 24) & 0x000000FF);
      ^
/local/X2C//Library/General/Controller/src/Constant_Float32.c: In function 'Constant_Float32_Save':
/local/X2C//Library/General/Controller/src/Constant_Float32.c:112:11: warning: dereferencing type-punned pointer will break strict-aliasing rules [-Wstrict-aliasing]
           pTConstant_Float32->K = (float32)(*(float32*)&tmp32);
           ^
/local/X2C//Library/General/Controller/src/Gain_Float32.c: In function 'Gain_Float32_Load':
/local/X2C//Library/General/Controller/src/Gain_Float32.c:86:6: warning: dereferencing type-punned pointer will break strict-aliasing rules [-Wstrict-aliasing]
      data[0] = (uint8)((*(uint32*)&(pTGain_Float32->V)) & 0x000000FF);
      ^
/local/X2C//Library/General/Controller/src/Gain_Float32.c:87:6: warning: dereferencing type-punned pointer will break strict-aliasing rules [-Wstrict-aliasing]
      data[1] = (uint8)((*(uint32*)&(pTGain_Float32->V) >> 8) & 0x000000FF);
      ^
/local/X2C//Library/General/Controller/src/Gain_Float32.c:88:6: warning: dereferencing type-punned pointer will break strict-aliasing rules [-Wstrict-aliasing]
      data[2] = (uint8)((*(uint32*)&(pTGain_Float32->V) >> 16) & 0x000000FF);
      ^
/local/X2C//Library/General/Controller/src/Gain_Float32.c:89:6: warning: dereferencing type-punned pointer will break strict-aliasing rules [-Wstrict-aliasing]
      data[3] = (uint8)((*(uint32*)&(pTGain_Float32->V) >> 24) & 0x000000FF);
      ^
/local/X2C//Library/General/Controller/src/Gain_Float32.c: In function 'Gain_Float32_Save':
/local/X2C//Library/General/Controller/src/Gain_Float32.c:114:11: warning: dereferencing type-punned pointer will break strict-aliasing rules [-Wstrict-aliasing]
           pTGain_Float32->V = (float32)(*(float32*)&tmp32);
           ^
/local/X2C//Library/General/Controller/src/Int2Real_FiP16_Float32.c: In function 'Int2Real_FiP16_Float32_Load':
/local/X2C//Library/General/Controller/src/Int2Real_FiP16_Float32.c:87:6: warning: dereferencing type-punned pointer will break strict-aliasing rules [-Wstrict-aliasing]
      data[0] = (uint8)((*(uint32*)&(pTInt2Real_FiP16_Float32->scale)) & 0x000000FF);
      ^
/local/X2C//Library/General/Controller/src/Int2Real_FiP16_Float32.c:88:6: warning: dereferencing type-punned pointer will break strict-aliasing rules [-Wstrict-aliasing]
      data[1] = (uint8)((*(uint32*)&(pTInt2Real_FiP16_Float32->scale) >> 8) & 0x000000FF);
      ^
/local/X2C//Library/General/Controller/src/Int2Real_FiP16_Float32.c:89:6: warning: dereferencing type-punned pointer will break strict-aliasing rules [-Wstrict-aliasing]
      data[2] = (uint8)((*(uint32*)&(pTInt2Real_FiP16_Float32->scale) >> 16) & 0x000000FF);
      ^
/local/X2C//Library/General/Controller/src/Int2Real_FiP16_Float32.c:90:6: warning: dereferencing type-punned pointer will break strict-aliasing rules [-Wstrict-aliasing]
      data[3] = (uint8)((*(uint32*)&(pTInt2Real_FiP16_Float32->scale) >> 24) & 0x000000FF);
      ^
/local/X2C//Library/General/Controller/src/Int2Real_FiP16_Float32.c: In function 'Int2Real_FiP16_Float32_Save':
/local/X2C//Library/General/Controller/src/Int2Real_FiP16_Float32.c:115:11: warning: dereferencing type-punned pointer will break strict-aliasing rules [-Wstrict-aliasing]
           pTInt2Real_FiP16_Float32->scale = (float32)(*(float32*)&tmp32);
           ^
/local/X2C//Library/General/Controller/src/Int2Real_FiP32_Float32.c: In function 'Int2Real_FiP32_Float32_Load':
/local/X2C//Library/General/Controller/src/Int2Real_FiP32_Float32.c:87:6: warning: dereferencing type-punned pointer will break strict-aliasing rules [-Wstrict-aliasing]
      data[0] = (uint8)((*(uint32*)&(pTInt2Real_FiP32_Float32->scale)) & 0x000000FF);
      ^
/local/X2C//Library/General/Controller/src/Int2Real_FiP32_Float32.c:88:6: warning: dereferencing type-punned pointer will break strict-aliasing rules [-Wstrict-aliasing]
      data[1] = (uint8)((*(uint32*)&(pTInt2Real_FiP32_Float32->scale) >> 8) & 0x000000FF);
      ^
/local/X2C//Library/General/Controller/src/Int2Real_FiP32_Float32.c:89:6: warning: dereferencing type-punned pointer will break strict-aliasing rules [-Wstrict-aliasing]
      data[2] = (uint8)((*(uint32*)&(pTInt2Real_FiP32_Float32->scale) >> 16) & 0x000000FF);
      ^
/local/X2C//Library/General/Controller/src/Int2Real_FiP32_Float32.c:90:6: warning: dereferencing type-punned pointer will break strict-aliasing rules [-Wstrict-aliasing]
      data[3] = (uint8)((*(uint32*)&(pTInt2Real_FiP32_Float32->scale) >> 24) & 0x000000FF);
      ^
/local/X2C//Library/General/Controller/src/Int2Real_FiP32_Float32.c: In function 'Int2Real_FiP32_Float32_Save':
/local/X2C//Library/General/Controller/src/Int2Real_FiP32_Float32.c:115:11: warning: dereferencing type-punned pointer will break strict-aliasing rules [-Wstrict-aliasing]
           pTInt2Real_FiP32_Float32->scale = (float32)(*(float32*)&tmp32);
           ^
/local/X2C//Library/General/Controller/src/Int2Real_FiP8_Float32.c: In function 'Int2Real_FiP8_Float32_Load':
/local/X2C//Library/General/Controller/src/Int2Real_FiP8_Float32.c:87:6: warning: dereferencing type-punned pointer will break strict-aliasing rules [-Wstrict-aliasing]
      data[0] = (uint8)((*(uint32*)&(pTInt2Real_FiP8_Float32->scale)) & 0x000000FF);
      ^
/local/X2C//Library/General/Controller/src/Int2Real_FiP8_Float32.c:88:6: warning: dereferencing type-punned pointer will break strict-aliasing rules [-Wstrict-aliasing]
      data[1] = (uint8)((*(uint32*)&(pTInt2Real_FiP8_Float32->scale) >> 8) & 0x000000FF);
      ^
/local/X2C//Library/General/Controller/src/Int2Real_FiP8_Float32.c:89:6: warning: dereferencing type-punned pointer will break strict-aliasing rules [-Wstrict-aliasing]
      data[2] = (uint8)((*(uint32*)&(pTInt2Real_FiP8_Float32->scale) >> 16) & 0x000000FF);
      ^
/local/X2C//Library/General/Controller/src/Int2Real_FiP8_Float32.c:90:6: warning: dereferencing type-punned pointer will break strict-aliasing rules [-Wstrict-aliasing]
      data[3] = (uint8)((*(uint32*)&(pTInt2Real_FiP8_Float32->scale) >> 24) & 0x000000FF);
      ^
/local/X2C//Library/General/Controller/src/Int2Real_FiP8_Float32.c: In function 'Int2Real_FiP8_Float32_Save':
/local/X2C//Library/General/Controller/src/Int2Real_FiP8_Float32.c:115:11: warning: dereferencing type-punned pointer will break strict-aliasing rules [-Wstrict-aliasing]
           pTInt2Real_FiP8_Float32->scale = (float32)(*(float32*)&tmp32);
           ^
/local/X2C//Library/General/Controller/src/RateLimiter_Float32.c: In function 'RateLimiter_Float32_Load':
/local/X2C//Library/General/Controller/src/RateLimiter_Float32.c:143:6: warning: dereferencing type-punned pointer will break strict-aliasing rules [-Wstrict-aliasing]
      data[0] = (uint8)((*(uint32*)&(pTRateLimiter_Float32->RateUp)) & 0x000000FF);
      ^
/local/X2C//Library/General/Controller/src/RateLimiter_Float32.c:144:6: warning: dereferencing type-punned pointer will break strict-aliasing rules [-Wstrict-aliasing]
      data[1] = (uint8)((*(uint32*)&(pTRateLimiter_Float32->RateUp) >> 8) & 0x000000FF);
      ^
/local/X2C//Library/General/Controller/src/RateLimiter_Float32.c:145:6: warning: dereferencing type-punned pointer will break strict-aliasing rules [-Wstrict-aliasing]
      data[2] = (uint8)((*(uint32*)&(pTRateLimiter_Float32->RateUp) >> 16) & 0x000000FF);
      ^
/local/X2C//Library/General/Controller/src/RateLimiter_Float32.c:146:6: warning: dereferencing type-punned pointer will break strict-aliasing rules [-Wstrict-aliasing]
      data[3] = (uint8)((*(uint32*)&(pTRateLimiter_Float32->RateUp) >> 24) & 0x000000FF);
      ^
/local/X2C//Library/General/Controller/src/RateLimiter_Float32.c:147:6: warning: dereferencing type-punned pointer will break strict-aliasing rules [-Wstrict-aliasing]
      data[4] = (uint8)((*(uint32*)&(pTRateLimiter_Float32->RateDown)) & 0x000000FF);
      ^
/local/X2C//Library/General/Controller/src/RateLimiter_Float32.c:148:6: warning: dereferencing type-punned pointer will break strict-aliasing rules [-Wstrict-aliasing]
      data[5] = (uint8)((*(uint32*)&(pTRateLimiter_Float32->RateDown) >> 8) & 0x000000FF);
      ^
/local/X2C//Library/General/Controller/src/RateLimiter_Float32.c:149:6: warning: dereferencing type-punned pointer will break strict-aliasing rules [-Wstrict-aliasing]
      data[6] = (uint8)((*(uint32*)&(pTRateLimiter_Float32->RateDown) >> 16) & 0x000000FF);
      ^
/local/X2C//Library/General/Controller/src/RateLimiter_Float32.c:150:6: warning: dereferencing type-punned pointer will break strict-aliasing rules [-Wstrict-aliasing]
      data[7] = (uint8)((*(uint32*)&(pTRateLimiter_Float32->RateDown) >> 24) & 0x000000FF);
      ^
/local/X2C//Library/General/Controller/src/RateLimiter_Float32.c: In function 'RateLimiter_Float32_Save':
/local/X2C//Library/General/Controller/src/RateLimiter_Float32.c:175:11: warning: dereferencing type-punned pointer will break strict-aliasing rules [-Wstrict-aliasing]
           pTRateLimiter_Float32->RateUp = (float32)(*(float32*)&tmp32);
           ^
/local/X2C//Library/General/Controller/src/RateLimiter_Float32.c:179:11: warning: dereferencing type-punned pointer will break strict-aliasing rules [-Wstrict-aliasing]
           pTRateLimiter_Float32->RateDown = (float32)(*(float32*)&tmp32);
           ^
/local/X2C//Library/General/Controller/src/Real2Int_Float32_FiP16.c: In function 'Real2Int_Float32_FiP16_Load':
/local/X2C//Library/General/Controller/src/Real2Int_Float32_FiP16.c:92:6: warning: dereferencing type-punned pointer will break strict-aliasing rules [-Wstrict-aliasing]
      data[0] = (uint8)((*(uint32*)&(pTReal2Int_Float32_FiP16->scale)) & 0x000000FF);
      ^
/local/X2C//Library/General/Controller/src/Real2Int_Float32_FiP16.c:93:6: warning: dereferencing type-punned pointer will break strict-aliasing rules [-Wstrict-aliasing]
      data[1] = (uint8)((*(uint32*)&(pTReal2Int_Float32_FiP16->scale) >> 8) & 0x000000FF);
      ^
/local/X2C//Library/General/Controller/src/Real2Int_Float32_FiP16.c:94:6: warning: dereferencing type-punned pointer will break strict-aliasing rules [-Wstrict-aliasing]
      data[2] = (uint8)((*(uint32*)&(pTReal2Int_Float32_FiP16->scale) >> 16) & 0x000000FF);
      ^
/local/X2C//Library/General/Controller/src/Real2Int_Float32_FiP16.c:95:6: warning: dereferencing type-punned pointer will break strict-aliasing rules [-Wstrict-aliasing]
      data[3] = (uint8)((*(uint32*)&(pTReal2Int_Float32_FiP16->scale) >> 24) & 0x000000FF);
      ^
/local/X2C//Library/General/Controller/src/Real2Int_Float32_FiP16.c: In function 'Real2Int_Float32_FiP16_Save':
/local/X2C//Library/General/Controller/src/Real2Int_Float32_FiP16.c:120:11: warning: dereferencing type-punned pointer will break strict-aliasing rules [-Wstrict-aliasing]
           pTReal2Int_Float32_FiP16->scale = (float32)(*(float32*)&tmp32);
           ^
/local/X2C//Library/General/Controller/src/Saturation_Float32.c: In function 'Saturation_Float32_Load':
/local/X2C//Library/General/Controller/src/Saturation_Float32.c:97:6: warning: dereferencing type-punned pointer will break strict-aliasing rules [-Wstrict-aliasing]
      data[0] = (uint8)((*(uint32*)&(pTSaturation_Float32->max)) & 0x000000FF);
      ^
/local/X2C//Library/General/Controller/src/Saturation_Float32.c:98:6: warning: dereferencing type-punned pointer will break strict-aliasing rules [-Wstrict-aliasing]
      data[1] = (uint8)((*(uint32*)&(pTSaturation_Float32->max) >> 8) & 0x000000FF);
      ^
/local/X2C//Library/General/Controller/src/Saturation_Float32.c:99:6: warning: dereferencing type-punned pointer will break strict-aliasing rules [-Wstrict-aliasing]
      data[2] = (uint8)((*(uint32*)&(pTSaturation_Float32->max) >> 16) & 0x000000FF);
      ^
/local/X2C//Library/General/Controller/src/Saturation_Float32.c:100:6: warning: dereferencing type-punned pointer will break strict-aliasing rules [-Wstrict-aliasing]
      data[3] = (uint8)((*(uint32*)&(pTSaturation_Float32->max) >> 24) & 0x000000FF);
      ^
/local/X2C//Library/General/Controller/src/Saturation_Float32.c:101:6: warning: dereferencing type-punned pointer will break strict-aliasing rules [-Wstrict-aliasing]
      data[4] = (uint8)((*(uint32*)&(pTSaturation_Float32->min)) & 0x000000FF);
      ^
/local/X2C//Library/General/Controller/src/Saturation_Float32.c:102:6: warning: dereferencing type-punned pointer will break strict-aliasing rules [-Wstrict-aliasing]
      data[5] = (uint8)((*(uint32*)&(pTSaturation_Float32->min) >> 8) & 0x000000FF);
      ^
/local/X2C//Library/General/Controller/src/Saturation_Float32.c:103:6: warning: dereferencing type-punned pointer will break strict-aliasing rules [-Wstrict-aliasing]
      data[6] = (uint8)((*(uint32*)&(pTSaturation_Float32->min) >> 16) & 0x000000FF);
      ^
/local/X2C//Library/General/Controller/src/Saturation_Float32.c:104:6: warning: dereferencing type-punned pointer will break strict-aliasing rules [-Wstrict-aliasing]
      data[7] = (uint8)((*(uint32*)&(pTSaturation_Float32->min) >> 24) & 0x000000FF);
      ^
/local/X2C//Library/General/Controller/src/Saturation_Float32.c: In function 'Saturation_Float32_Save':
/local/X2C//Library/General/Controller/src/Saturation_Float32.c:129:11: warning: dereferencing type-punned pointer will break strict-aliasing rules [-Wstrict-aliasing]
           pTSaturation_Float32->max = (float32)(*(float32*)&tmp32);
           ^
/local/X2C//Library/General/Controller/src/Saturation_Float32.c:133:11: warning: dereferencing type-punned pointer will break strict-aliasing rules [-Wstrict-aliasing]
           pTSaturation_Float32->min = (float32)(*(float32*)&tmp32);
           ^
/local/X2C//Library/General/Controller/src/uConstant_Float32.c: In function 'uConstant_Float32_Load':
/local/X2C//Library/General/Controller/src/uConstant_Float32.c:73:6: warning: dereferencing type-punned pointer will break strict-aliasing rules [-Wstrict-aliasing]
      data[0] = (uint8)((*(uint32*)&(pTuConstant_Float32->K)) & 0x000000FF);
      ^
/local/X2C//Library/General/Controller/src/uConstant_Float32.c:74:6: warning: dereferencing type-punned pointer will break strict-aliasing rules [-Wstrict-aliasing]
      data[1] = (uint8)((*(uint32*)&(pTuConstant_Float32->K) >> 8) & 0x000000FF);
      ^
/local/X2C//Library/General/Controller/src/uConstant_Float32.c:75:6: warning: dereferencing type-punned pointer will break strict-aliasing rules [-Wstrict-aliasing]
      data[2] = (uint8)((*(uint32*)&(pTuConstant_Float32->K) >> 16) & 0x000000FF);
      ^
/local/X2C//Library/General/Controller/src/uConstant_Float32.c:76:6: warning: dereferencing type-punned pointer will break strict-aliasing rules [-Wstrict-aliasing]
      data[3] = (uint8)((*(uint32*)&(pTuConstant_Float32->K) >> 24) & 0x000000FF);
      ^
/local/X2C//Library/General/Controller/src/uConstant_Float32.c: In function 'uConstant_Float32_Save':
/local/X2C//Library/General/Controller/src/uConstant_Float32.c:101:11: warning: dereferencing type-punned pointer will break strict-aliasing rules [-Wstrict-aliasing]
           pTuConstant_Float32->K = (float32)(*(float32*)&tmp32);
           ^
/local/X2C//Library/General/Controller/src/uGain_Float32.c: In function 'uGain_Float32_Load':
/local/X2C//Library/General/Controller/src/uGain_Float32.c:114:6: warning: dereferencing type-punned pointer will break strict-aliasing rules [-Wstrict-aliasing]
      data[0] = (uint8)((*(uint32*)&(pTuGain_Float32->V)) & 0x000000FF);
      ^
/local/X2C//Library/General/Controller/src/uGain_Float32.c:115:6: warning: dereferencing type-punned pointer will break strict-aliasing rules [-Wstrict-aliasing]
      data[1] = (uint8)((*(uint32*)&(pTuGain_Float32->V) >> 8) & 0x000000FF);
      ^
/local/X2C//Library/General/Controller/src/uGain_Float32.c:116:6: warning: dereferencing type-punned pointer will break strict-aliasing rules [-Wstrict-aliasing]
      data[2] = (uint8)((*(uint32*)&(pTuGain_Float32->V) >> 16) & 0x000000FF);
      ^
/local/X2C//Library/General/Controller/src/uGain_Float32.c:117:6: warning: dereferencing type-punned pointer will break strict-aliasing rules [-Wstrict-aliasing]
      data[3] = (uint8)((*(uint32*)&(pTuGain_Float32->V) >> 24) & 0x000000FF);
      ^
/local/X2C//Library/General/Controller/src/uGain_Float32.c: In function 'uGain_Float32_Save':
/local/X2C//Library/General/Controller/src/uGain_Float32.c:142:11: warning: dereferencing type-punned pointer will break strict-aliasing rules [-Wstrict-aliasing]
           pTuGain_Float32->V = (float32)(*(float32*)&tmp32);
           ^
/local/X2C//Library/ENIB/Controller/src/ramp_F32.c: In function 'ramp_F32_Load':
/local/X2C//Library/ENIB/Controller/src/ramp_F32.c:76:6: warning: dereferencing type-punned pointer will break strict-aliasing rules [-Wstrict-aliasing]
      data[0] = (uint8)((*(uint32*)&(pTramp_F32->time_ctr)) & 0x000000FF);
      ^
/local/X2C//Library/ENIB/Controller/src/ramp_F32.c:77:6: warning: dereferencing type-punned pointer will break strict-aliasing rules [-Wstrict-aliasing]
      data[1] = (uint8)((*(uint32*)&(pTramp_F32->time_ctr) >> 8) & 0x000000FF);
      ^
/local/X2C//Library/ENIB/Controller/src/ramp_F32.c:78:6: warning: dereferencing type-punned pointer will break strict-aliasing rules [-Wstrict-aliasing]
      data[2] = (uint8)((*(uint32*)&(pTramp_F32->time_ctr) >> 16) & 0x000000FF);
      ^
/local/X2C//Library/ENIB/Controller/src/ramp_F32.c:79:6: warning: dereferencing type-punned pointer will break strict-aliasing rules [-Wstrict-aliasing]
      data[3] = (uint8)((*(uint32*)&(pTramp_F32->time_ctr) >> 24) & 0x000000FF);
      ^
/local/X2C//Library/ENIB/Controller/src/ramp_F32.c: In function 'ramp_F32_Save':
/local/X2C//Library/ENIB/Controller/src/ramp_F32.c:104:11: warning: dereferencing type-punned pointer will break strict-aliasing rules [-Wstrict-aliasing]
           pTramp_F32->time_ctr = (float32)(*(float32*)&tmp32);
           ^
/local/X2C//Library/ENIB/Controller/src/clarke_inv_F32.c: In function 'clarke_inv_F32_Update':
/local/X2C//Library/ENIB/Controller/src/clarke_inv_F32.c:68:32: warning: passing argument 3 of 'clarke_inv_f32' from incompatible pointer type [-Wincompatible-pointer-types]
 clarke_inv_f32(  ALPHA, BETA,  &Ia, &Ib, &Ic);
                                ^
In file included from Drivers/CMSIS/Include/arm_common_tables.h:44:0,
                 from /local/X2C//Library/ENIB/Controller/src/clarke_inv_F32.c:46:
Drivers/CMSIS/Include/arm_math.h:5100:24: note: expected 'float32_t * {aka float *}' but argument is of type 'int32_t * {aka long int *}'
   static __INLINE void clarke_inv_f32(
                        ^
/local/X2C//Library/ENIB/Controller/src/clarke_inv_F32.c:68:37: warning: passing argument 4 of 'clarke_inv_f32' from incompatible pointer type [-Wincompatible-pointer-types]
 clarke_inv_f32(  ALPHA, BETA,  &Ia, &Ib, &Ic);
                                     ^
In file included from Drivers/CMSIS/Include/arm_common_tables.h:44:0,
                 from /local/X2C//Library/ENIB/Controller/src/clarke_inv_F32.c:46:
Drivers/CMSIS/Include/arm_math.h:5100:24: note: expected 'float32_t * {aka float *}' but argument is of type 'int32_t * {aka long int *}'
   static __INLINE void clarke_inv_f32(
                        ^
/local/X2C//Library/ENIB/Controller/src/clarke_inv_F32.c:68:42: warning: passing argument 5 of 'clarke_inv_f32' from incompatible pointer type [-Wincompatible-pointer-types]
 clarke_inv_f32(  ALPHA, BETA,  &Ia, &Ib, &Ic);
                                          ^
In file included from Drivers/CMSIS/Include/arm_common_tables.h:44:0,
                 from /local/X2C//Library/ENIB/Controller/src/clarke_inv_F32.c:46:
Drivers/CMSIS/Include/arm_math.h:5100:24: note: expected 'float32_t * {aka float *}' but argument is of type 'int32_t * {aka long int *}'
   static __INLINE void clarke_inv_f32(
                        ^
/local/X2C//Library/ENIB/Controller/src/space_vector_INT32.c: In function 'space_vector_INT32_Update':
/local/X2C//Library/ENIB/Controller/src/space_vector_INT32.c:66:9: warning: 'T0' may be used uninitialized in this function [-Wmaybe-uninitialized]
 int32_t T0,T1,T2; 
         ^
/local/X2C//Library/ENIB/Controller/src/space_vector_INT32.c:66:12: warning: 'T1' may be used uninitialized in this function [-Wmaybe-uninitialized]
 int32_t T0,T1,T2; 
            ^
/local/X2C//Library/ENIB/Controller/src/space_vector_INT32.c:66:15: warning: 'T2' may be used uninitialized in this function [-Wmaybe-uninitialized]
 int32_t T0,T1,T2; 
               ^
/local/X2C//Library/ENIB/Controller/src/space_vector_F32.c: In function 'space_vector_F32_Update':
/local/X2C//Library/ENIB/Controller/src/space_vector_F32.c:68:7: warning: 'T0' may be used uninitialized in this function [-Wmaybe-uninitialized]
 float T0,T1,T2; 
       ^
/local/X2C//Library/ENIB/Controller/src/space_vector_F32.c:68:10: warning: 'T1' may be used uninitialized in this function [-Wmaybe-uninitialized]
 float T0,T1,T2; 
          ^
/local/X2C//Library/ENIB/Controller/src/space_vector_F32.c:68:13: warning: 'T2' may be used uninitialized in this function [-Wmaybe-uninitialized]
 float T0,T1,T2; 
             ^
/local/X2C//Library/ENIB/Controller/src/park_transf_inv_F32.c: In function 'park_transf_inv_F32_Update':
/local/X2C//Library/ENIB/Controller/src/park_transf_inv_F32.c:68:24: warning: passing argument 3 of 'arm_inv_park_f32' from incompatible pointer type [-Wincompatible-pointer-types]
  arm_inv_park_f32(D,Q ,&alpha,&beta,SIN_THETA,COS_THETA);
                        ^
In file included from Drivers/CMSIS/Include/arm_common_tables.h:44:0,
                 from /local/X2C//Library/ENIB/Controller/src/park_transf_inv_F32.c:46:
Drivers/CMSIS/Include/arm_math.h:5350:24: note: expected 'float32_t * {aka float *}' but argument is of type 'int32_t * {aka long int *}'
   static __INLINE void arm_inv_park_f32(
                        ^
/local/X2C//Library/ENIB/Controller/src/park_transf_inv_F32.c:68:31: warning: passing argument 4 of 'arm_inv_park_f32' from incompatible pointer type [-Wincompatible-pointer-types]
  arm_inv_park_f32(D,Q ,&alpha,&beta,SIN_THETA,COS_THETA);
                               ^
In file included from Drivers/CMSIS/Include/arm_common_tables.h:44:0,
                 from /local/X2C//Library/ENIB/Controller/src/park_transf_inv_F32.c:46:
Drivers/CMSIS/Include/arm_math.h:5350:24: note: expected 'float32_t * {aka float *}' but argument is of type 'int32_t * {aka long int *}'
   static __INLINE void arm_inv_park_f32(
                        ^
/local/X2C//Library/ENIB/Controller/src/pid_F32.c: In function 'pid_F32_Load':
/local/X2C//Library/ENIB/Controller/src/pid_F32.c:92:6: warning: dereferencing type-punned pointer will break strict-aliasing rules [-Wstrict-aliasing]
      data[0] = (uint8)((*(uint32*)&(pTpid_F32->KP)) & 0x000000FF);
      ^
/local/X2C//Library/ENIB/Controller/src/pid_F32.c:93:6: warning: dereferencing type-punned pointer will break strict-aliasing rules [-Wstrict-aliasing]
      data[1] = (uint8)((*(uint32*)&(pTpid_F32->KP) >> 8) & 0x000000FF);
      ^
/local/X2C//Library/ENIB/Controller/src/pid_F32.c:94:6: warning: dereferencing type-punned pointer will break strict-aliasing rules [-Wstrict-aliasing]
      data[2] = (uint8)((*(uint32*)&(pTpid_F32->KP) >> 16) & 0x000000FF);
      ^
/local/X2C//Library/ENIB/Controller/src/pid_F32.c:95:6: warning: dereferencing type-punned pointer will break strict-aliasing rules [-Wstrict-aliasing]
      data[3] = (uint8)((*(uint32*)&(pTpid_F32->KP) >> 24) & 0x000000FF);
      ^
/local/X2C//Library/ENIB/Controller/src/pid_F32.c:96:6: warning: dereferencing type-punned pointer will break strict-aliasing rules [-Wstrict-aliasing]
      data[4] = (uint8)((*(uint32*)&(pTpid_F32->KI)) & 0x000000FF);
      ^
/local/X2C//Library/ENIB/Controller/src/pid_F32.c:97:6: warning: dereferencing type-punned pointer will break strict-aliasing rules [-Wstrict-aliasing]
      data[5] = (uint8)((*(uint32*)&(pTpid_F32->KI) >> 8) & 0x000000FF);
      ^
/local/X2C//Library/ENIB/Controller/src/pid_F32.c:98:6: warning: dereferencing type-punned pointer will break strict-aliasing rules [-Wstrict-aliasing]
      data[6] = (uint8)((*(uint32*)&(pTpid_F32->KI) >> 16) & 0x000000FF);
      ^
/local/X2C//Library/ENIB/Controller/src/pid_F32.c:99:6: warning: dereferencing type-punned pointer will break strict-aliasing rules [-Wstrict-aliasing]
      data[7] = (uint8)((*(uint32*)&(pTpid_F32->KI) >> 24) & 0x000000FF);
      ^
/local/X2C//Library/ENIB/Controller/src/pid_F32.c:100:6: warning: dereferencing type-punned pointer will break strict-aliasing rules [-Wstrict-aliasing]
      data[8] = (uint8)((*(uint32*)&(pTpid_F32->KD)) & 0x000000FF);
      ^
/local/X2C//Library/ENIB/Controller/src/pid_F32.c:101:6: warning: dereferencing type-punned pointer will break strict-aliasing rules [-Wstrict-aliasing]
      data[9] = (uint8)((*(uint32*)&(pTpid_F32->KD) >> 8) & 0x000000FF);
      ^
/local/X2C//Library/ENIB/Controller/src/pid_F32.c:102:6: warning: dereferencing type-punned pointer will break strict-aliasing rules [-Wstrict-aliasing]
      data[10] = (uint8)((*(uint32*)&(pTpid_F32->KD) >> 16) & 0x000000FF);
      ^
/local/X2C//Library/ENIB/Controller/src/pid_F32.c:103:6: warning: dereferencing type-punned pointer will break strict-aliasing rules [-Wstrict-aliasing]
      data[11] = (uint8)((*(uint32*)&(pTpid_F32->KD) >> 24) & 0x000000FF);
      ^
/local/X2C//Library/ENIB/Controller/src/pid_F32.c:104:6: warning: dereferencing type-punned pointer will break strict-aliasing rules [-Wstrict-aliasing]
      data[12] = (uint8)((*(uint32*)&(pTpid_F32->i_old)) & 0x000000FF);
      ^
/local/X2C//Library/ENIB/Controller/src/pid_F32.c:105:6: warning: dereferencing type-punned pointer will break strict-aliasing rules [-Wstrict-aliasing]
      data[13] = (uint8)((*(uint32*)&(pTpid_F32->i_old) >> 8) & 0x000000FF);
      ^
/local/X2C//Library/ENIB/Controller/src/pid_F32.c:106:6: warning: dereferencing type-punned pointer will break strict-aliasing rules [-Wstrict-aliasing]
      data[14] = (uint8)((*(uint32*)&(pTpid_F32->i_old) >> 16) & 0x000000FF);
      ^
/local/X2C//Library/ENIB/Controller/src/pid_F32.c:107:6: warning: dereferencing type-punned pointer will break strict-aliasing rules [-Wstrict-aliasing]
      data[15] = (uint8)((*(uint32*)&(pTpid_F32->i_old) >> 24) & 0x000000FF);
      ^
/local/X2C//Library/ENIB/Controller/src/pid_F32.c:108:6: warning: dereferencing type-punned pointer will break strict-aliasing rules [-Wstrict-aliasing]
      data[16] = (uint8)((*(uint32*)&(pTpid_F32->d_old)) & 0x000000FF);
      ^
/local/X2C//Library/ENIB/Controller/src/pid_F32.c:109:6: warning: dereferencing type-punned pointer will break strict-aliasing rules [-Wstrict-aliasing]
      data[17] = (uint8)((*(uint32*)&(pTpid_F32->d_old) >> 8) & 0x000000FF);
      ^
/local/X2C//Library/ENIB/Controller/src/pid_F32.c:110:6: warning: dereferencing type-punned pointer will break strict-aliasing rules [-Wstrict-aliasing]
      data[18] = (uint8)((*(uint32*)&(pTpid_F32->d_old) >> 16) & 0x000000FF);
      ^
/local/X2C//Library/ENIB/Controller/src/pid_F32.c:111:6: warning: dereferencing type-punned pointer will break strict-aliasing rules [-Wstrict-aliasing]
      data[19] = (uint8)((*(uint32*)&(pTpid_F32->d_old) >> 24) & 0x000000FF);
      ^
/local/X2C//Library/ENIB/Controller/src/pid_F32.c: In function 'pid_F32_Save':
/local/X2C//Library/ENIB/Controller/src/pid_F32.c:136:11: warning: dereferencing type-punned pointer will break strict-aliasing rules [-Wstrict-aliasing]
           pTpid_F32->KP = (float32)(*(float32*)&tmp32);
           ^
/local/X2C//Library/ENIB/Controller/src/pid_F32.c:140:11: warning: dereferencing type-punned pointer will break strict-aliasing rules [-Wstrict-aliasing]
           pTpid_F32->KI = (float32)(*(float32*)&tmp32);
           ^
/local/X2C//Library/ENIB/Controller/src/pid_F32.c:144:11: warning: dereferencing type-punned pointer will break strict-aliasing rules [-Wstrict-aliasing]
           pTpid_F32->KD = (float32)(*(float32*)&tmp32);
           ^
/local/X2C//Library/ENIB/Controller/src/pid_F32.c:148:11: warning: dereferencing type-punned pointer will break strict-aliasing rules [-Wstrict-aliasing]
           pTpid_F32->i_old = (float32)(*(float32*)&tmp32);
           ^
/local/X2C//Library/ENIB/Controller/src/pid_F32.c:152:11: warning: dereferencing type-punned pointer will break strict-aliasing rules [-Wstrict-aliasing]
           pTpid_F32->d_old = (float32)(*(float32*)&tmp32);
           ^
/local/sdk_elec/gcc-arm-none-eabi-5_2-2015q4/bin/arm-none-eabi-objcopy -O ihex template.elf   template.hex
/local/sdk_elec/gcc-arm-none-eabi-5_2-2015q4/bin/arm-none-eabi-objcopy -O binary template.elf template.bin

17:24:05 Build Finished (took 9s.129ms)

